[2024-02-27 21:04:08,258] INFO [Controller id=0] Processing automatic preferred replica leader election (kafka.controller.KafkaController)
[2024-02-27 21:04:08,259] TRACE [Controller id=0] Checking need to trigger auto leader balancing (kafka.controller.KafkaController)
[2024-02-27 21:04:08,259] DEBUG [Controller id=0] Topics not in preferred replica for broker 0 Map() (kafka.controller.KafkaController)
[2024-02-27 21:04:08,259] TRACE [Controller id=0] Leader imbalance ratio for broker 0 is 0.0 (kafka.controller.KafkaController)
[2024-02-27 21:09:08,260] INFO [Controller id=0] Processing automatic preferred replica leader election (kafka.controller.KafkaController)
[2024-02-27 21:09:08,260] TRACE [Controller id=0] Checking need to trigger auto leader balancing (kafka.controller.KafkaController)
[2024-02-27 21:09:08,260] DEBUG [Controller id=0] Topics not in preferred replica for broker 0 Map() (kafka.controller.KafkaController)
[2024-02-27 21:09:08,260] TRACE [Controller id=0] Leader imbalance ratio for broker 0 is 0.0 (kafka.controller.KafkaController)
[2024-02-27 21:14:08,261] INFO [Controller id=0] Processing automatic preferred replica leader election (kafka.controller.KafkaController)
[2024-02-27 21:14:08,261] TRACE [Controller id=0] Checking need to trigger auto leader balancing (kafka.controller.KafkaController)
[2024-02-27 21:14:08,262] DEBUG [Controller id=0] Topics not in preferred replica for broker 0 Map() (kafka.controller.KafkaController)
[2024-02-27 21:14:08,262] TRACE [Controller id=0] Leader imbalance ratio for broker 0 is 0.0 (kafka.controller.KafkaController)
[2024-02-27 21:19:08,262] INFO [Controller id=0] Processing automatic preferred replica leader election (kafka.controller.KafkaController)
[2024-02-27 21:19:08,262] TRACE [Controller id=0] Checking need to trigger auto leader balancing (kafka.controller.KafkaController)
[2024-02-27 21:19:08,263] DEBUG [Controller id=0] Topics not in preferred replica for broker 0 Map() (kafka.controller.KafkaController)
[2024-02-27 21:19:08,263] TRACE [Controller id=0] Leader imbalance ratio for broker 0 is 0.0 (kafka.controller.KafkaController)
[2024-02-27 21:24:08,263] INFO [Controller id=0] Processing automatic preferred replica leader election (kafka.controller.KafkaController)
[2024-02-27 21:24:08,263] TRACE [Controller id=0] Checking need to trigger auto leader balancing (kafka.controller.KafkaController)
[2024-02-27 21:24:08,264] DEBUG [Controller id=0] Topics not in preferred replica for broker 0 Map() (kafka.controller.KafkaController)
[2024-02-27 21:24:08,264] TRACE [Controller id=0] Leader imbalance ratio for broker 0 is 0.0 (kafka.controller.KafkaController)
[2024-02-27 21:25:57,479] INFO [Controller id=0] New topics: [Set(stocks-stream)], deleted topics: [HashSet()], new partition replica assignment [Set(TopicIdReplicaAssignment(stocks-stream,Some(YwmoFq9xSJ6-Hqwz5M4r1g),Map(stocks-stream-0 -> ReplicaAssignment(replicas=0, addingReplicas=, removingReplicas=))))] (kafka.controller.KafkaController)
[2024-02-27 21:25:57,479] INFO [Controller id=0] New partition creation callback for stocks-stream-0 (kafka.controller.KafkaController)
[2024-02-27 21:25:57,503] INFO [RequestSendThread controllerId=0] Controller 0 connected to instance-2.us-central1-a.c.stately-planet-407118.internal:9092 (id: 0 rack: null) for sending state change requests (kafka.controller.RequestSendThread)
